  [4;36;1mSQL (0.015000)[0m   [0;1mDROP DATABASE IF EXISTS `ram_test`[0m
  [4;35;1mSQL (0.016000)[0m   [0mCREATE DATABASE `ram_test`[0m
  [4;36;1mSQL (0.016000)[0m   [0;1mDROP DATABASE IF EXISTS `ram_development`[0m
  [4;35;1mSQL (0.000000)[0m   [0mCREATE DATABASE `ram_development`[0m
  [4;36;1mSQL (0.000000)[0m   [0;1mCREATE TABLE schema_info (version int(11))[0m
  [4;35;1mSQL (0.000000)[0m   [0mINSERT INTO schema_info (version) VALUES(0)[0m
  [4;36;1mSQL (0.000000)[0m   [0;1mMysql::Error: #42S01Table 'schema_info' already exists: CREATE TABLE schema_info (version int(11))[0m
  [4;35;1mSQL (0.000000)[0m   [0mSELECT version FROM schema_info[0m
Migrating to CreateCollections (1)
  [4;36;1mSQL (0.000000)[0m   [0;1mMysql::Error: #42S02Unknown table 'collections': DROP TABLE collections[0m
  [4;35;1mSQL (0.000000)[0m   [0mCREATE TABLE collections (`id` int(11) DEFAULT NULL auto_increment PRIMARY KEY, `name` varchar(255), `description` text, `public` tinyint(1) DEFAULT 1, `user_id` int(11), `type` varchar(255), `state_id` int(11)) ENGINE=InnoDB[0m
  [4;36;1mSQL (0.000000)[0m   [0;1mMysql::Error: #42S02Unknown table 'memberships': DROP TABLE memberships[0m
  [4;35;1mSQL (0.015000)[0m   [0mCREATE TABLE memberships (`id` int(11) DEFAULT NULL auto_increment PRIMARY KEY, `user_id` int(11), `collection_id` int(11), `collection_type` varchar(255), `state_id` int(11) DEFAULT 0, `created_at` datetime) ENGINE=InnoDB[0m
  [4;36;1mSQL (0.000000)[0m   [0;1mUPDATE schema_info SET version = 1[0m
  [4;35;1mSQL (0.000000)[0m   [0mSELECT version FROM schema_info[0m
Migrating to AddAuthenticatedTable (2)
  [4;36;1mSQL (0.000000)[0m   [0;1mMysql::Error: #42S02Unknown table 'users': DROP TABLE users[0m
  [4;35;1mSQL (0.016000)[0m   [0mCREATE TABLE users (`id` int(11) DEFAULT NULL auto_increment PRIMARY KEY, `login` varchar(40), `email` varchar(100), `crypted_password` varchar(40), `salt` varchar(40), `activation_code` varchar(40), `activated_at` datetime, `created_at` datetime, `updated_at` datetime) ENGINE=InnoDB[0m
  [4;36;1mSQL (0.000000)[0m   [0;1mUPDATE schema_info SET version = 2[0m
  [4;35;1mSQL (0.000000)[0m   [0mSELECT version FROM schema_info[0m
Migrating to AddParentIdToCollections (3)
  [4;36;1mSQL (0.015000)[0m   [0;1mALTER TABLE collections ADD parent_id int(11)[0m
  [4;35;1mSQL (0.016000)[0m   [0mALTER TABLE collections ADD counter_cache tinyint(1) DEFAULT 1[0m
  [4;36;1mSQL (0.000000)[0m   [0;1mUPDATE schema_info SET version = 3[0m
  [4;35;1mSQL (0.000000)[0m   [0mSELECT version FROM schema_info[0m
Migrating to CreateAccessContexts (4)
  [4;36;1mSQL (0.000000)[0m   [0;1mCREATE TABLE access_contexts (`id` int(11) DEFAULT NULL auto_increment PRIMARY KEY, `user_id` int(11), `category_id` int(11), `group_id` int(11), `created_on` datetime, `updated_on` datetime) ENGINE=InnoDB[0m
  [4;35;1mSQL (0.000000)[0m   [0mCREATE TABLE access_contexts_assets (`id` int(11) DEFAULT NULL auto_increment PRIMARY KEY, `access_context_id` int(11), `asset_id` int(11)) ENGINE=InnoDB[0m
  [4;36;1mSQL (0.000000)[0m   [0;1mUPDATE schema_info SET version = 4[0m
  [4;35;1mSQL (0.000000)[0m   [0mSELECT version FROM schema_info[0m
Migrating to CreateProfiles (5)
  [4;36;1mSQL (0.015000)[0m   [0;1mCREATE TABLE profiles (`id` int(11) DEFAULT NULL auto_increment PRIMARY KEY, `user_id` int(11), `created_on` datetime, `updated_on` datetime, `bio` text, `address_line1` varchar(255) DEFAULT '', `address_line2` varchar(255) DEFAULT '', `city` varchar(255) DEFAULT '', `state` varchar(255) DEFAULT '', `country` varchar(255) DEFAULT '', `postal_code` varchar(255) DEFAULT '', `telephone` varchar(255) DEFAULT '', `fax` varchar(255) DEFAULT '') ENGINE=InnoDB[0m
  [4;35;1mSQL (0.000000)[0m   [0mUPDATE schema_info SET version = 5[0m
  [4;36;1mSQL (0.000000)[0m   [0;1mSELECT version FROM schema_info[0m
Migrating to CreatePeople (6)
  [4;35;1mSQL (0.016000)[0m   [0mCREATE TABLE people (`id` int(11) DEFAULT NULL auto_increment PRIMARY KEY, `user_id` int(11), `first_name` varchar(200) DEFAULT '', `last_name` varchar(200) DEFAULT '', `gender` int(11) DEFAULT 0 NOT NULL, `date_of_birth` date, `created_on` datetime, `updated_on` datetime) ENGINE=InnoDB[0m
  [4;36;1mSQL (0.000000)[0m   [0;1mUPDATE schema_info SET version = 6[0m
  [4;35;1mSQL (0.000000)[0m   [0mSELECT * FROM schema_info[0m
  [4;36;1mSQL (0.016000)[0m   [0;1mSHOW TABLES[0m
  [4;35;1mSQL (0.000000)[0m   [0mSHOW FIELDS FROM access_contexts[0m
  [4;36;1mSQL (0.000000)[0m   [0;1mSHOW KEYS FROM access_contexts[0m
  [4;35;1mSQL (0.015000)[0m   [0mSHOW FIELDS FROM access_contexts_assets[0m
  [4;36;1mSQL (0.000000)[0m   [0;1mSHOW KEYS FROM access_contexts_assets[0m
  [4;35;1mSQL (0.000000)[0m   [0mSHOW FIELDS FROM collections[0m
  [4;36;1mSQL (0.016000)[0m   [0;1mSHOW KEYS FROM collections[0m
  [4;35;1mSQL (0.000000)[0m   [0mSHOW FIELDS FROM memberships[0m
  [4;36;1mSQL (0.000000)[0m   [0;1mSHOW KEYS FROM memberships[0m
  [4;35;1mSQL (0.015000)[0m   [0mSHOW FIELDS FROM people[0m
  [4;36;1mSQL (0.000000)[0m   [0;1mSHOW KEYS FROM people[0m
  [4;35;1mSQL (0.000000)[0m   [0mSHOW FIELDS FROM profiles[0m
  [4;36;1mSQL (0.000000)[0m   [0;1mSHOW KEYS FROM profiles[0m
  [4;35;1mSQL (0.000000)[0m   [0mSHOW FIELDS FROM users[0m
  [4;36;1mSQL (0.000000)[0m   [0;1mSHOW KEYS FROM users[0m
  [4;35;1mSQL (0.000000)[0m   [0mMysql::Error: #42S02Unknown table 'access_contexts': DROP TABLE access_contexts[0m
  [4;36;1mSQL (0.000000)[0m   [0;1mCREATE TABLE access_contexts (`id` int(11) DEFAULT NULL auto_increment PRIMARY KEY, `user_id` int(11), `category_id` int(11), `group_id` int(11), `created_on` datetime, `updated_on` datetime) ENGINE=InnoDB[0m
  [4;35;1mSQL (0.000000)[0m   [0mMysql::Error: #42S02Unknown table 'access_contexts_assets': DROP TABLE access_contexts_assets[0m
  [4;36;1mSQL (0.015000)[0m   [0;1mCREATE TABLE access_contexts_assets (`id` int(11) DEFAULT NULL auto_increment PRIMARY KEY, `access_context_id` int(11), `asset_id` int(11)) ENGINE=InnoDB[0m
  [4;35;1mSQL (0.000000)[0m   [0mMysql::Error: #42S02Unknown table 'collections': DROP TABLE collections[0m
  [4;36;1mSQL (0.000000)[0m   [0;1mCREATE TABLE collections (`id` int(11) DEFAULT NULL auto_increment PRIMARY KEY, `name` varchar(255), `description` text, `public` tinyint(1) DEFAULT 1, `user_id` int(11), `type` varchar(255), `state_id` int(11), `parent_id` int(11), `counter_cache` tinyint(1) DEFAULT 1) ENGINE=InnoDB[0m
  [4;35;1mSQL (0.000000)[0m   [0mMysql::Error: #42S02Unknown table 'memberships': DROP TABLE memberships[0m
  [4;36;1mSQL (0.000000)[0m   [0;1mCREATE TABLE memberships (`id` int(11) DEFAULT NULL auto_increment PRIMARY KEY, `user_id` int(11), `collection_id` int(11), `collection_type` varchar(255), `state_id` int(11) DEFAULT 0, `created_at` datetime) ENGINE=InnoDB[0m
  [4;35;1mSQL (0.000000)[0m   [0mMysql::Error: #42S02Unknown table 'people': DROP TABLE people[0m
  [4;36;1mSQL (0.016000)[0m   [0;1mCREATE TABLE people (`id` int(11) DEFAULT NULL auto_increment PRIMARY KEY, `user_id` int(11), `first_name` varchar(200) DEFAULT '', `last_name` varchar(200) DEFAULT '', `gender` int(11) DEFAULT 0 NOT NULL, `date_of_birth` date, `created_on` datetime, `updated_on` datetime) ENGINE=InnoDB[0m
  [4;35;1mSQL (0.000000)[0m   [0mMysql::Error: #42S02Unknown table 'profiles': DROP TABLE profiles[0m
  [4;36;1mSQL (0.015000)[0m   [0;1mCREATE TABLE profiles (`id` int(11) DEFAULT NULL auto_increment PRIMARY KEY, `user_id` int(11), `created_on` datetime, `updated_on` datetime, `bio` text, `address_line1` varchar(255) DEFAULT '', `address_line2` varchar(255) DEFAULT '', `city` varchar(255) DEFAULT '', `state` varchar(255) DEFAULT '', `country` varchar(255) DEFAULT '', `postal_code` varchar(255) DEFAULT '', `telephone` varchar(255) DEFAULT '', `fax` varchar(255) DEFAULT '') ENGINE=InnoDB[0m
  [4;35;1mSQL (0.000000)[0m   [0mMysql::Error: #42S02Unknown table 'users': DROP TABLE users[0m
  [4;36;1mSQL (0.016000)[0m   [0;1mCREATE TABLE users (`id` int(11) DEFAULT NULL auto_increment PRIMARY KEY, `login` varchar(40), `email` varchar(100), `crypted_password` varchar(40), `salt` varchar(40), `activation_code` varchar(40), `activated_at` datetime, `created_at` datetime, `updated_at` datetime) ENGINE=InnoDB[0m
  [4;35;1mSQL (0.000000)[0m   [0mCREATE TABLE schema_info (version int(11))[0m
  [4;36;1mSQL (0.000000)[0m   [0;1mINSERT INTO schema_info (version) VALUES(0)[0m
  [4;35;1mSQL (0.016000)[0m   [0mSHOW FIELDS FROM schema_info[0m
  [4;36;1mSQL (0.000000)[0m   [0;1mUPDATE schema_info SET version = 6[0m


Processing AccountController#login (for 127.0.0.1 at 2006-05-28 13:55:56) [GET]
  Session ID: 32d82fce6f873472e48967e689c8bf1e
  Parameters: {"action"=>"login", "controller"=>"account"}
  [4;36;1mUser Load (0.000000)[0m   [0;1mSELECT * FROM users LIMIT 1[0m
  [4;35;1mUser Columns (0.000000)[0m   [0mSHOW FIELDS FROM users[0m
Rendering  within layouts/application
Rendering account/login
  [4;36;1mUser Load (0.015000)[0m   [0;1mSELECT * FROM users WHERE (users.`id` = 1 ) LIMIT 1[0m
Rendered shared/page/_user_menu (0.01500)
Rendered shared/page/_site_menu (0.00000)
Rendered shared/page/_header (0.01500)
Rendered shared/page/_footer (0.00000)
Completed in 0.28100 (3 reqs/sec) | Rendering: 0.01600 (5%) | DB: 0.01500 (5%) | 200 OK [http://localhost/]


Processing AccountController#login (for 127.0.0.1 at 2006-05-28 13:56:03) [POST]
  Session ID: 32d82fce6f873472e48967e689c8bf1e
  Parameters: {"commit"=>"Log in", "action"=>"login", "controller"=>"account", "password"=>"qazwsx", "login"=>"heavysixer"}
  [4;35;1mUser Columns (0.078000)[0m   [0mSHOW FIELDS FROM users[0m
  [4;36;1mUser Load (0.000000)[0m   [0;1mSELECT * FROM users WHERE (users.`login` = 'heavysixer' ) LIMIT 1[0m
Rendering  within layouts/application
Rendering account/login
Rendered shared/page/_user_menu (0.00000)
Rendered shared/page/_site_menu (0.00000)
Rendered shared/page/_header (0.00000)
Rendered shared/page/_footer (0.01600)
Completed in 0.14100 (7 reqs/sec) | Rendering: 0.03200 (22%) | DB: 0.07800 (55%) | 200 OK [http://localhost/]


Processing CategoryController#index (for 127.0.0.1 at 2006-05-28 13:56:07) [GET]
  Session ID: 32d82fce6f873472e48967e689c8bf1e
  Parameters: {"action"=>"index", "controller"=>"category"}
  [4;35;1mUser Load (0.000000)[0m   [0mSELECT * FROM users LIMIT 1[0m
  [4;36;1mUser Columns (0.000000)[0m   [0;1mSHOW FIELDS FROM users[0m
  [4;35;1mCategory Columns (0.015000)[0m   [0mSHOW FIELDS FROM collections[0m
  [4;36;1mSQL (0.000000)[0m   [0;1mSELECT count(*) AS count_all FROM collections WHERE ( (collections.`type` = 'Category' ) ) [0m
  [4;35;1mCategory Load (0.000000)[0m   [0mSELECT * FROM collections WHERE ( (collections.`type` = 'Category' ) ) LIMIT 0, 10[0m
Rendering actionlistlayoutfalse within layouts/application
Rendering category/list
  [4;36;1mUser Load (0.000000)[0m   [0;1mSELECT * FROM users WHERE (users.`id` = 1 ) LIMIT 1[0m
Rendered shared/page/_user_menu (0.01500)
Rendered shared/page/_site_menu (0.00000)
Rendered shared/page/_header (0.01500)
Rendered shared/page/_footer (0.00000)
Completed in 0.10900 (9 reqs/sec) | Rendering: 0.03100 (28%) | DB: 0.01500 (13%) | 200 OK [http://localhost/category]


Processing GroupController#index (for 127.0.0.1 at 2006-05-28 13:56:08) [GET]
  Session ID: 32d82fce6f873472e48967e689c8bf1e
  Parameters: {"action"=>"index", "controller"=>"group"}
  [4;35;1mGroup Columns (0.000000)[0m   [0mSHOW FIELDS FROM collections[0m
  [4;36;1mSQL (0.000000)[0m   [0;1mSELECT count(*) AS count_all FROM collections WHERE ( (collections.`type` = 'Group' ) ) [0m
  [4;35;1mGroup Load (0.000000)[0m   [0mSELECT * FROM collections WHERE ( (collections.`type` = 'Group' ) ) LIMIT 0, 10[0m
Rendering actionlistlayoutfalse within layouts/application
Rendering group/list
  [4;36;1mUser Columns (0.000000)[0m   [0;1mSHOW FIELDS FROM users[0m
  [4;35;1mUser Load (0.016000)[0m   [0mSELECT * FROM users WHERE (users.`id` = 1 ) LIMIT 1[0m
Rendered shared/page/_user_menu (0.01600)
Rendered shared/page/_site_menu (0.00000)
Rendered shared/page/_header (0.01600)
Rendered shared/page/_footer (0.00000)
Completed in 0.09400 (10 reqs/sec) | Rendering: 0.01500 (15%) | DB: 0.01600 (17%) | 200 OK [http://localhost/group]


Processing SiteController#directory (for 127.0.0.1 at 2006-05-28 13:56:10) [GET]
  Session ID: 32d82fce6f873472e48967e689c8bf1e
  Parameters: {"action"=>"directory", "controller"=>"site"}
  [4;36;1mUser Columns (0.016000)[0m   [0;1mSHOW FIELDS FROM users[0m
  [4;35;1mSQL (0.000000)[0m   [0mSELECT count(*) AS count_all FROM users [0m
  [4;36;1mUser Load (0.000000)[0m   [0;1mSELECT * FROM users LIMIT 0, 10[0m
Rendering  within layouts/application
Rendering site/directory
  [4;35;1mUser Load (0.000000)[0m   [0mSELECT * FROM users WHERE (users.`id` = 1 ) LIMIT 1[0m
Rendered shared/page/_user_menu (0.00000)
Rendered shared/page/_site_menu (0.00000)
Rendered shared/page/_header (0.00000)
Rendered shared/page/_footer (0.01600)
Completed in 0.15600 (6 reqs/sec) | Rendering: 0.03100 (19%) | DB: 0.01600 (10%) | 200 OK [http://localhost/site/directory]


Processing AccountController#profile (for 127.0.0.1 at 2006-05-28 13:56:16) [GET]
  Session ID: 32d82fce6f873472e48967e689c8bf1e
  Parameters: {"action"=>"profile", "id"=>"3", "controller"=>"account"}
  [4;36;1mUser Load (0.000000)[0m   [0;1mSELECT * FROM users WHERE (users.id = '3') LIMIT 1[0m
  [4;35;1mUser Load (0.000000)[0m   [0mSELECT * FROM users WHERE (users.id = '3') LIMIT 1[0m
  [4;36;1mUser Columns (0.000000)[0m   [0;1mSHOW FIELDS FROM users[0m
Rendering partialprofilelocalsuser#<User:0x38a8f38>layoutfalse within layouts/application
  [4;35;1mPerson Load (0.000000)[0m   [0mSELECT * FROM people WHERE (people.user_id = 3) LIMIT 1[0m
  [4;36;1mPerson Columns (0.000000)[0m   [0;1mSHOW FIELDS FROM people[0m
  [4;35;1mGroup Columns (0.000000)[0m   [0mSHOW FIELDS FROM collections[0m
  [4;36;1mMembership Columns (0.016000)[0m   [0;1mSHOW FIELDS FROM memberships[0m
  [4;35;1mGroup Load Including Associations (0.000000)[0m   [0mSELECT collections.`id` AS t0_r0, collections.`name` AS t0_r1, collections.`description` AS t0_r2, collections.`public` AS t0_r3, collections.`user_id` AS t0_r4, collections.`type` AS t0_r5, collections.`state_id` AS t0_r6, collections.`parent_id` AS t0_r7, collections.`counter_cache` AS t0_r8, memberships_collections.`id` AS t1_r0, memberships_collections.`user_id` AS t1_r1, memberships_collections.`collection_id` AS t1_r2, memberships_collections.`collection_type` AS t1_r3, memberships_collections.`state_id` AS t1_r4, memberships_collections.`created_at` AS t1_r5 FROM collections LEFT OUTER JOIN memberships memberships_collections ON memberships_collections.collection_id = collections.id INNER JOIN memberships ON collections.id = memberships.collection_id WHERE (memberships.user_id = 3 AND ((memberships.collection_type = 'Group'))) AND ( (collections.`type` = 'Group' ) ) [0m
Rendered account/_profile (0.06300)
  [4;36;1mUser Load (0.000000)[0m   [0;1mSELECT * FROM users WHERE (users.`id` = 1 ) LIMIT 1[0m
Rendered shared/page/_user_menu (0.00000)
Rendered shared/page/_site_menu (0.00000)
Rendered shared/page/_header (0.01500)
Rendered shared/page/_footer (0.00000)
Completed in 0.10900 (9 reqs/sec) | Rendering: 0.06200 (56%) | DB: 0.01600 (14%) | 200 OK [http://localhost/account/profile/3]


Processing AccountController#profile (for 127.0.0.1 at 2006-05-28 13:56:24) [GET]
  Session ID: 32d82fce6f873472e48967e689c8bf1e
  Parameters: {"action"=>"profile", "id"=>"1", "controller"=>"account"}
  [4;35;1mUser Load (0.000000)[0m   [0mSELECT * FROM users WHERE (users.id = '1') LIMIT 1[0m
  [4;36;1mUser Load (0.000000)[0m   [0;1mSELECT * FROM users WHERE (users.id = '1') LIMIT 1[0m
  [4;35;1mUser Columns (0.000000)[0m   [0mSHOW FIELDS FROM users[0m
Rendering partialprofilelocalsuser#<User:0x36b8d98>layoutfalse within layouts/application
  [4;36;1mPerson Load (0.000000)[0m   [0;1mSELECT * FROM people WHERE (people.user_id = 1) LIMIT 1[0m
  [4;35;1mPerson Columns (0.016000)[0m   [0mSHOW FIELDS FROM people[0m
  [4;36;1mGroup Columns (0.015000)[0m   [0;1mSHOW FIELDS FROM collections[0m
  [4;35;1mMembership Columns (0.000000)[0m   [0mSHOW FIELDS FROM memberships[0m
  [4;36;1mGroup Load Including Associations (0.016000)[0m   [0;1mSELECT collections.`id` AS t0_r0, collections.`name` AS t0_r1, collections.`description` AS t0_r2, collections.`public` AS t0_r3, collections.`user_id` AS t0_r4, collections.`type` AS t0_r5, collections.`state_id` AS t0_r6, collections.`parent_id` AS t0_r7, collections.`counter_cache` AS t0_r8, memberships_collections.`id` AS t1_r0, memberships_collections.`user_id` AS t1_r1, memberships_collections.`collection_id` AS t1_r2, memberships_collections.`collection_type` AS t1_r3, memberships_collections.`state_id` AS t1_r4, memberships_collections.`created_at` AS t1_r5 FROM collections LEFT OUTER JOIN memberships memberships_collections ON memberships_collections.collection_id = collections.id INNER JOIN memberships ON collections.id = memberships.collection_id WHERE (memberships.user_id = 1 AND ((memberships.collection_type = 'Group'))) AND ( (collections.`type` = 'Group' ) ) [0m
Rendered account/_profile (0.06300)
  [4;35;1mUser Load (0.000000)[0m   [0mSELECT * FROM users WHERE (users.`id` = 1 ) LIMIT 1[0m
Rendered shared/page/_user_menu (0.00000)
Rendered shared/page/_site_menu (0.00000)
Rendered shared/page/_header (0.01600)
Rendered shared/page/_footer (0.00000)
Completed in 0.11000 (9 reqs/sec) | Rendering: 0.03200 (29%) | DB: 0.04700 (42%) | 200 OK [http://localhost/account/profile/1]
  [4;36;1mSQL (0.016000)[0m   [0;1mSELECT * FROM schema_info[0m
  [4;35;1mSQL (0.000000)[0m   [0mSHOW TABLES[0m
  [4;36;1mSQL (0.000000)[0m   [0;1mSHOW FIELDS FROM access_contexts[0m
  [4;35;1mSQL (0.000000)[0m   [0mSHOW KEYS FROM access_contexts[0m
  [4;36;1mSQL (0.015000)[0m   [0;1mSHOW FIELDS FROM access_contexts_assets[0m
  [4;35;1mSQL (0.000000)[0m   [0mSHOW KEYS FROM access_contexts_assets[0m
  [4;36;1mSQL (0.000000)[0m   [0;1mSHOW FIELDS FROM collections[0m
  [4;35;1mSQL (0.016000)[0m   [0mSHOW KEYS FROM collections[0m
  [4;36;1mSQL (0.000000)[0m   [0;1mSHOW FIELDS FROM memberships[0m
  [4;35;1mSQL (0.000000)[0m   [0mSHOW KEYS FROM memberships[0m
  [4;36;1mSQL (0.015000)[0m   [0;1mSHOW FIELDS FROM people[0m
  [4;35;1mSQL (0.000000)[0m   [0mSHOW KEYS FROM people[0m
  [4;36;1mSQL (0.016000)[0m   [0;1mSHOW FIELDS FROM profiles[0m
  [4;35;1mSQL (0.000000)[0m   [0mSHOW KEYS FROM profiles[0m
  [4;36;1mSQL (0.000000)[0m   [0;1mSHOW FIELDS FROM users[0m
  [4;35;1mSQL (0.016000)[0m   [0mSHOW KEYS FROM users[0m
  [4;36;1mSQL (0.000000)[0m   [0;1mDROP TABLE access_contexts[0m
  [4;35;1mSQL (0.000000)[0m   [0mCREATE TABLE access_contexts (`id` int(11) DEFAULT NULL auto_increment PRIMARY KEY, `user_id` int(11), `category_id` int(11), `group_id` int(11), `created_on` datetime, `updated_on` datetime) ENGINE=InnoDB[0m
  [4;36;1mSQL (0.000000)[0m   [0;1mDROP TABLE access_contexts_assets[0m
  [4;35;1mSQL (0.016000)[0m   [0mCREATE TABLE access_contexts_assets (`id` int(11) DEFAULT NULL auto_increment PRIMARY KEY, `access_context_id` int(11), `asset_id` int(11)) ENGINE=InnoDB[0m
  [4;36;1mSQL (0.000000)[0m   [0;1mDROP TABLE collections[0m
  [4;35;1mSQL (0.000000)[0m   [0mCREATE TABLE collections (`id` int(11) DEFAULT NULL auto_increment PRIMARY KEY, `name` varchar(255), `description` text, `public` tinyint(1) DEFAULT 1, `user_id` int(11), `type` varchar(255), `state_id` int(11), `parent_id` int(11), `counter_cache` tinyint(1) DEFAULT 1) ENGINE=InnoDB[0m
  [4;36;1mSQL (0.000000)[0m   [0;1mDROP TABLE memberships[0m
  [4;35;1mSQL (0.000000)[0m   [0mCREATE TABLE memberships (`id` int(11) DEFAULT NULL auto_increment PRIMARY KEY, `user_id` int(11), `collection_id` int(11), `collection_type` varchar(255), `state_id` int(11) DEFAULT 0, `created_at` datetime) ENGINE=InnoDB[0m
  [4;36;1mSQL (0.000000)[0m   [0;1mDROP TABLE people[0m
  [4;35;1mSQL (0.016000)[0m   [0mCREATE TABLE people (`id` int(11) DEFAULT NULL auto_increment PRIMARY KEY, `user_id` int(11), `first_name` varchar(200) DEFAULT '', `last_name` varchar(200) DEFAULT '', `gender` int(11) DEFAULT 0 NOT NULL, `date_of_birth` date, `created_on` datetime, `updated_on` datetime) ENGINE=InnoDB[0m
  [4;36;1mSQL (0.000000)[0m   [0;1mDROP TABLE profiles[0m
  [4;35;1mSQL (0.015000)[0m   [0mCREATE TABLE profiles (`id` int(11) DEFAULT NULL auto_increment PRIMARY KEY, `user_id` int(11), `created_on` datetime, `updated_on` datetime, `bio` text, `address_line1` varchar(255) DEFAULT '', `address_line2` varchar(255) DEFAULT '', `city` varchar(255) DEFAULT '', `state` varchar(255) DEFAULT '', `country` varchar(255) DEFAULT '', `postal_code` varchar(255) DEFAULT '', `telephone` varchar(255) DEFAULT '', `fax` varchar(255) DEFAULT '') ENGINE=InnoDB[0m
  [4;36;1mSQL (0.000000)[0m   [0;1mDROP TABLE users[0m
  [4;35;1mSQL (0.000000)[0m   [0mCREATE TABLE users (`id` int(11) DEFAULT NULL auto_increment PRIMARY KEY, `login` varchar(40), `email` varchar(100), `crypted_password` varchar(40), `salt` varchar(40), `activation_code` varchar(40), `activated_at` datetime, `created_at` datetime, `updated_at` datetime) ENGINE=InnoDB[0m
  [4;36;1mSQL (0.000000)[0m   [0;1mMysql::Error: #42S01Table 'schema_info' already exists: CREATE TABLE schema_info (version int(11))[0m
  [4;35;1mSQL (0.000000)[0m   [0mSHOW FIELDS FROM schema_info[0m
  [4;36;1mSQL (0.000000)[0m   [0;1mUPDATE schema_info SET version = 6[0m
  [4;36;1mSQL (0.000000)[0m   [0;1mSELECT * FROM schema_info[0m
  [4;35;1mSQL (0.000000)[0m   [0mSHOW TABLES[0m
  [4;36;1mSQL (0.000000)[0m   [0;1mSHOW FIELDS FROM access_contexts[0m
  [4;35;1mSQL (0.000000)[0m   [0mSHOW KEYS FROM access_contexts[0m
  [4;36;1mSQL (0.000000)[0m   [0;1mSHOW FIELDS FROM access_contexts_assets[0m
  [4;35;1mSQL (0.000000)[0m   [0mSHOW KEYS FROM access_contexts_assets[0m
  [4;36;1mSQL (0.015000)[0m   [0;1mSHOW FIELDS FROM collections[0m
  [4;35;1mSQL (0.000000)[0m   [0mSHOW KEYS FROM collections[0m
  [4;36;1mSQL (0.000000)[0m   [0;1mSHOW FIELDS FROM memberships[0m
  [4;35;1mSQL (0.016000)[0m   [0mSHOW KEYS FROM memberships[0m
  [4;36;1mSQL (0.000000)[0m   [0;1mSHOW FIELDS FROM people[0m
  [4;35;1mSQL (0.000000)[0m   [0mSHOW KEYS FROM people[0m
  [4;36;1mSQL (0.016000)[0m   [0;1mSHOW FIELDS FROM profiles[0m
  [4;35;1mSQL (0.000000)[0m   [0mSHOW KEYS FROM profiles[0m
  [4;36;1mSQL (0.015000)[0m   [0;1mSHOW FIELDS FROM users[0m
  [4;35;1mSQL (0.000000)[0m   [0mSHOW KEYS FROM users[0m
  [4;36;1mSQL (0.000000)[0m   [0;1mDROP TABLE access_contexts[0m
  [4;35;1mSQL (0.000000)[0m   [0mCREATE TABLE access_contexts (`id` int(11) DEFAULT NULL auto_increment PRIMARY KEY, `user_id` int(11), `category_id` int(11), `group_id` int(11), `created_on` datetime, `updated_on` datetime) ENGINE=InnoDB[0m
  [4;36;1mSQL (0.000000)[0m   [0;1mDROP TABLE access_contexts_assets[0m
  [4;35;1mSQL (0.000000)[0m   [0mCREATE TABLE access_contexts_assets (`id` int(11) DEFAULT NULL auto_increment PRIMARY KEY, `access_context_id` int(11), `asset_id` int(11)) ENGINE=InnoDB[0m
  [4;36;1mSQL (0.000000)[0m   [0;1mDROP TABLE collections[0m
  [4;35;1mSQL (0.016000)[0m   [0mCREATE TABLE collections (`id` int(11) DEFAULT NULL auto_increment PRIMARY KEY, `name` varchar(255), `description` text, `public` tinyint(1) DEFAULT 1, `user_id` int(11), `type` varchar(255), `state_id` int(11), `parent_id` int(11), `counter_cache` tinyint(1) DEFAULT 1) ENGINE=InnoDB[0m
  [4;36;1mSQL (0.000000)[0m   [0;1mDROP TABLE memberships[0m
  [4;35;1mSQL (0.000000)[0m   [0mCREATE TABLE memberships (`id` int(11) DEFAULT NULL auto_increment PRIMARY KEY, `user_id` int(11), `collection_id` int(11), `collection_type` varchar(255), `state_id` int(11) DEFAULT 0, `created_at` datetime) ENGINE=InnoDB[0m
  [4;36;1mSQL (0.000000)[0m   [0;1mDROP TABLE people[0m
  [4;35;1mSQL (0.000000)[0m   [0mCREATE TABLE people (`id` int(11) DEFAULT NULL auto_increment PRIMARY KEY, `user_id` int(11), `first_name` varchar(200) DEFAULT '', `last_name` varchar(200) DEFAULT '', `gender` int(11) DEFAULT 0 NOT NULL, `date_of_birth` date, `created_on` datetime, `updated_on` datetime) ENGINE=InnoDB[0m
  [4;36;1mSQL (0.016000)[0m   [0;1mDROP TABLE profiles[0m
  [4;35;1mSQL (0.000000)[0m   [0mCREATE TABLE profiles (`id` int(11) DEFAULT NULL auto_increment PRIMARY KEY, `user_id` int(11), `created_on` datetime, `updated_on` datetime, `bio` text, `address_line1` varchar(255) DEFAULT '', `address_line2` varchar(255) DEFAULT '', `city` varchar(255) DEFAULT '', `state` varchar(255) DEFAULT '', `country` varchar(255) DEFAULT '', `postal_code` varchar(255) DEFAULT '', `telephone` varchar(255) DEFAULT '', `fax` varchar(255) DEFAULT '') ENGINE=InnoDB[0m
  [4;36;1mSQL (0.000000)[0m   [0;1mDROP TABLE users[0m
  [4;35;1mSQL (0.016000)[0m   [0mCREATE TABLE users (`id` int(11) DEFAULT NULL auto_increment PRIMARY KEY, `login` varchar(40), `email` varchar(100), `crypted_password` varchar(40), `salt` varchar(40), `activation_code` varchar(40), `activated_at` datetime, `created_at` datetime, `updated_at` datetime) ENGINE=InnoDB[0m
  [4;36;1mSQL (0.000000)[0m   [0;1mMysql::Error: #42S01Table 'schema_info' already exists: CREATE TABLE schema_info (version int(11))[0m
  [4;35;1mSQL (0.000000)[0m   [0mSHOW FIELDS FROM schema_info[0m
  [4;36;1mSQL (0.000000)[0m   [0;1mUPDATE schema_info SET version = 6[0m
  [4;36;1mSQL (0.000000)[0m   [0;1mSELECT * FROM schema_info[0m
  [4;35;1mSQL (0.000000)[0m   [0mSHOW TABLES[0m
  [4;36;1mSQL (0.000000)[0m   [0;1mSHOW FIELDS FROM access_contexts[0m
  [4;35;1mSQL (0.016000)[0m   [0mSHOW KEYS FROM access_contexts[0m
  [4;36;1mSQL (0.000000)[0m   [0;1mSHOW FIELDS FROM access_contexts_assets[0m
  [4;35;1mSQL (0.000000)[0m   [0mSHOW KEYS FROM access_contexts_assets[0m
  [4;36;1mSQL (0.015000)[0m   [0;1mSHOW FIELDS FROM collections[0m
  [4;35;1mSQL (0.000000)[0m   [0mSHOW KEYS FROM collections[0m
  [4;36;1mSQL (0.000000)[0m   [0;1mSHOW FIELDS FROM memberships[0m
  [4;35;1mSQL (0.016000)[0m   [0mSHOW KEYS FROM memberships[0m
  [4;36;1mSQL (0.000000)[0m   [0;1mSHOW FIELDS FROM people[0m
  [4;35;1mSQL (0.000000)[0m   [0mSHOW KEYS FROM people[0m
  [4;36;1mSQL (0.015000)[0m   [0;1mSHOW FIELDS FROM profiles[0m
  [4;35;1mSQL (0.000000)[0m   [0mSHOW KEYS FROM profiles[0m
  [4;36;1mSQL (0.000000)[0m   [0;1mSHOW FIELDS FROM users[0m
  [4;35;1mSQL (0.016000)[0m   [0mSHOW KEYS FROM users[0m
  [4;36;1mSQL (0.015000)[0m   [0;1mDROP TABLE access_contexts[0m
  [4;35;1mSQL (0.000000)[0m   [0mCREATE TABLE access_contexts (`id` int(11) DEFAULT NULL auto_increment PRIMARY KEY, `user_id` int(11), `category_id` int(11), `group_id` int(11), `created_on` datetime, `updated_on` datetime) ENGINE=InnoDB[0m
  [4;36;1mSQL (0.000000)[0m   [0;1mDROP TABLE access_contexts_assets[0m
  [4;35;1mSQL (0.016000)[0m   [0mCREATE TABLE access_contexts_assets (`id` int(11) DEFAULT NULL auto_increment PRIMARY KEY, `access_context_id` int(11), `asset_id` int(11)) ENGINE=InnoDB[0m
  [4;36;1mSQL (0.000000)[0m   [0;1mDROP TABLE collections[0m
  [4;35;1mSQL (0.016000)[0m   [0mCREATE TABLE collections (`id` int(11) DEFAULT NULL auto_increment PRIMARY KEY, `name` varchar(255), `description` text, `public` tinyint(1) DEFAULT 1, `user_id` int(11), `type` varchar(255), `state_id` int(11), `parent_id` int(11), `counter_cache` tinyint(1) DEFAULT 1) ENGINE=InnoDB[0m
  [4;36;1mSQL (0.000000)[0m   [0;1mDROP TABLE memberships[0m
  [4;35;1mSQL (0.000000)[0m   [0mCREATE TABLE memberships (`id` int(11) DEFAULT NULL auto_increment PRIMARY KEY, `user_id` int(11), `collection_id` int(11), `collection_type` varchar(255), `state_id` int(11) DEFAULT 0, `created_at` datetime) ENGINE=InnoDB[0m
  [4;36;1mSQL (0.015000)[0m   [0;1mDROP TABLE people[0m
  [4;35;1mSQL (0.000000)[0m   [0mCREATE TABLE people (`id` int(11) DEFAULT NULL auto_increment PRIMARY KEY, `user_id` int(11), `first_name` varchar(200) DEFAULT '', `last_name` varchar(200) DEFAULT '', `gender` int(11) DEFAULT 0 NOT NULL, `date_of_birth` date, `created_on` datetime, `updated_on` datetime) ENGINE=InnoDB[0m
  [4;36;1mSQL (0.000000)[0m   [0;1mDROP TABLE profiles[0m
  [4;35;1mSQL (0.000000)[0m   [0mCREATE TABLE profiles (`id` int(11) DEFAULT NULL auto_increment PRIMARY KEY, `user_id` int(11), `created_on` datetime, `updated_on` datetime, `bio` text, `address_line1` varchar(255) DEFAULT '', `address_line2` varchar(255) DEFAULT '', `city` varchar(255) DEFAULT '', `state` varchar(255) DEFAULT '', `country` varchar(255) DEFAULT '', `postal_code` varchar(255) DEFAULT '', `telephone` varchar(255) DEFAULT '', `fax` varchar(255) DEFAULT '') ENGINE=InnoDB[0m
  [4;36;1mSQL (0.000000)[0m   [0;1mDROP TABLE users[0m
  [4;35;1mSQL (0.015000)[0m   [0mCREATE TABLE users (`id` int(11) DEFAULT NULL auto_increment PRIMARY KEY, `login` varchar(40), `email` varchar(100), `crypted_password` varchar(40), `salt` varchar(40), `activation_code` varchar(40), `activated_at` datetime, `created_at` datetime, `updated_at` datetime) ENGINE=InnoDB[0m
  [4;36;1mSQL (0.000000)[0m   [0;1mMysql::Error: #42S01Table 'schema_info' already exists: CREATE TABLE schema_info (version int(11))[0m
  [4;35;1mSQL (0.000000)[0m   [0mSHOW FIELDS FROM schema_info[0m
  [4;36;1mSQL (0.000000)[0m   [0;1mUPDATE schema_info SET version = 6[0m
  [4;36;1mSQL (0.000000)[0m   [0;1mSELECT * FROM schema_info[0m
  [4;35;1mSQL (0.000000)[0m   [0mSHOW TABLES[0m
  [4;36;1mSQL (0.015000)[0m   [0;1mSHOW FIELDS FROM access_contexts[0m
  [4;35;1mSQL (0.000000)[0m   [0mSHOW KEYS FROM access_contexts[0m
  [4;36;1mSQL (0.000000)[0m   [0;1mSHOW FIELDS FROM access_contexts_assets[0m
  [4;35;1mSQL (0.016000)[0m   [0mSHOW KEYS FROM access_contexts_assets[0m
  [4;36;1mSQL (0.000000)[0m   [0;1mSHOW FIELDS FROM collections[0m
  [4;35;1mSQL (0.000000)[0m   [0mSHOW KEYS FROM collections[0m
  [4;36;1mSQL (0.016000)[0m   [0;1mSHOW FIELDS FROM memberships[0m
  [4;35;1mSQL (0.000000)[0m   [0mSHOW KEYS FROM memberships[0m
  [4;36;1mSQL (0.000000)[0m   [0;1mSHOW FIELDS FROM people[0m
  [4;35;1mSQL (0.015000)[0m   [0mSHOW KEYS FROM people[0m
  [4;36;1mSQL (0.000000)[0m   [0;1mSHOW FIELDS FROM profiles[0m
  [4;35;1mSQL (0.000000)[0m   [0mSHOW KEYS FROM profiles[0m
  [4;36;1mSQL (0.016000)[0m   [0;1mSHOW FIELDS FROM users[0m
  [4;35;1mSQL (0.000000)[0m   [0mSHOW KEYS FROM users[0m
  [4;36;1mSQL (0.000000)[0m   [0;1mDROP TABLE access_contexts[0m
  [4;35;1mSQL (0.016000)[0m   [0mCREATE TABLE access_contexts (`id` int(11) DEFAULT NULL auto_increment PRIMARY KEY, `user_id` int(11), `category_id` int(11), `group_id` int(11), `created_on` datetime, `updated_on` datetime) ENGINE=InnoDB[0m
  [4;36;1mSQL (0.000000)[0m   [0;1mDROP TABLE access_contexts_assets[0m
  [4;35;1mSQL (0.000000)[0m   [0mCREATE TABLE access_contexts_assets (`id` int(11) DEFAULT NULL auto_increment PRIMARY KEY, `access_context_id` int(11), `asset_id` int(11)) ENGINE=InnoDB[0m
  [4;36;1mSQL (0.000000)[0m   [0;1mDROP TABLE collections[0m
  [4;35;1mSQL (0.000000)[0m   [0mCREATE TABLE collections (`id` int(11) DEFAULT NULL auto_increment PRIMARY KEY, `name` varchar(255), `description` text, `public` tinyint(1) DEFAULT 1, `user_id` int(11), `type` varchar(255), `state_id` int(11), `parent_id` int(11), `counter_cache` tinyint(1) DEFAULT 1) ENGINE=InnoDB[0m
  [4;36;1mSQL (0.000000)[0m   [0;1mDROP TABLE memberships[0m
  [4;35;1mSQL (0.016000)[0m   [0mCREATE TABLE memberships (`id` int(11) DEFAULT NULL auto_increment PRIMARY KEY, `user_id` int(11), `collection_id` int(11), `collection_type` varchar(255), `state_id` int(11) DEFAULT 0, `created_at` datetime) ENGINE=InnoDB[0m
  [4;36;1mSQL (0.000000)[0m   [0;1mDROP TABLE people[0m
  [4;35;1mSQL (0.000000)[0m   [0mCREATE TABLE people (`id` int(11) DEFAULT NULL auto_increment PRIMARY KEY, `user_id` int(11), `first_name` varchar(200) DEFAULT '', `last_name` varchar(200) DEFAULT '', `gender` int(11) DEFAULT 0 NOT NULL, `date_of_birth` date, `created_on` datetime, `updated_on` datetime) ENGINE=InnoDB[0m
  [4;36;1mSQL (0.000000)[0m   [0;1mDROP TABLE profiles[0m
  [4;35;1mSQL (0.000000)[0m   [0mCREATE TABLE profiles (`id` int(11) DEFAULT NULL auto_increment PRIMARY KEY, `user_id` int(11), `created_on` datetime, `updated_on` datetime, `bio` text, `address_line1` varchar(255) DEFAULT '', `address_line2` varchar(255) DEFAULT '', `city` varchar(255) DEFAULT '', `state` varchar(255) DEFAULT '', `country` varchar(255) DEFAULT '', `postal_code` varchar(255) DEFAULT '', `telephone` varchar(255) DEFAULT '', `fax` varchar(255) DEFAULT '') ENGINE=InnoDB[0m
  [4;36;1mSQL (0.000000)[0m   [0;1mDROP TABLE users[0m
  [4;35;1mSQL (0.000000)[0m   [0mCREATE TABLE users (`id` int(11) DEFAULT NULL auto_increment PRIMARY KEY, `login` varchar(40), `email` varchar(100), `crypted_password` varchar(40), `salt` varchar(40), `activation_code` varchar(40), `activated_at` datetime, `created_at` datetime, `updated_at` datetime) ENGINE=InnoDB[0m
  [4;36;1mSQL (0.000000)[0m   [0;1mMysql::Error: #42S01Table 'schema_info' already exists: CREATE TABLE schema_info (version int(11))[0m
  [4;35;1mSQL (0.000000)[0m   [0mSHOW FIELDS FROM schema_info[0m
  [4;36;1mSQL (0.000000)[0m   [0;1mUPDATE schema_info SET version = 6[0m
  [4;36;1mSQL (0.109000)[0m   [0;1mSELECT * FROM schema_info[0m
  [4;35;1mSQL (0.000000)[0m   [0mSHOW TABLES[0m
  [4;36;1mSQL (0.047000)[0m   [0;1mSHOW FIELDS FROM access_contexts[0m
  [4;35;1mSQL (0.437000)[0m   [0mSHOW KEYS FROM access_contexts[0m
  [4;36;1mSQL (0.016000)[0m   [0;1mSHOW FIELDS FROM access_contexts_assets[0m
  [4;35;1mSQL (0.453000)[0m   [0mSHOW KEYS FROM access_contexts_assets[0m
  [4;36;1mSQL (0.047000)[0m   [0;1mSHOW FIELDS FROM collections[0m
  [4;35;1mSQL (0.437000)[0m   [0mSHOW KEYS FROM collections[0m
  [4;36;1mSQL (0.032000)[0m   [0;1mSHOW FIELDS FROM memberships[0m
  [4;35;1mSQL (0.437000)[0m   [0mSHOW KEYS FROM memberships[0m
  [4;36;1mSQL (0.031000)[0m   [0;1mSHOW FIELDS FROM people[0m
  [4;35;1mSQL (0.438000)[0m   [0mSHOW KEYS FROM people[0m
  [4;36;1mSQL (0.031000)[0m   [0;1mSHOW FIELDS FROM profiles[0m
  [4;35;1mSQL (0.438000)[0m   [0mSHOW KEYS FROM profiles[0m
  [4;36;1mSQL (0.047000)[0m   [0;1mSHOW FIELDS FROM users[0m
  [4;35;1mSQL (0.437000)[0m   [0mSHOW KEYS FROM users[0m
  [4;36;1mSQL (0.078000)[0m   [0;1mDROP TABLE access_contexts[0m
  [4;35;1mSQL (0.016000)[0m   [0mCREATE TABLE access_contexts (`id` int(11) DEFAULT NULL auto_increment PRIMARY KEY, `user_id` int(11), `category_id` int(11), `group_id` int(11), `created_on` datetime, `updated_on` datetime) ENGINE=InnoDB[0m
  [4;36;1mSQL (0.015000)[0m   [0;1mDROP TABLE access_contexts_assets[0m
  [4;35;1mSQL (0.032000)[0m   [0mCREATE TABLE access_contexts_assets (`id` int(11) DEFAULT NULL auto_increment PRIMARY KEY, `access_context_id` int(11), `asset_id` int(11)) ENGINE=InnoDB[0m
  [4;36;1mSQL (0.046000)[0m   [0;1mDROP TABLE collections[0m
  [4;35;1mSQL (0.000000)[0m   [0mCREATE TABLE collections (`id` int(11) DEFAULT NULL auto_increment PRIMARY KEY, `name` varchar(255), `description` text, `public` tinyint(1) DEFAULT 1, `user_id` int(11), `type` varchar(255), `state_id` int(11), `parent_id` int(11), `counter_cache` tinyint(1) DEFAULT 1) ENGINE=InnoDB[0m
  [4;36;1mSQL (0.016000)[0m   [0;1mDROP TABLE memberships[0m
  [4;35;1mSQL (0.000000)[0m   [0mCREATE TABLE memberships (`id` int(11) DEFAULT NULL auto_increment PRIMARY KEY, `user_id` int(11), `collection_id` int(11), `collection_type` varchar(255), `state_id` int(11) DEFAULT 0, `created_at` datetime) ENGINE=InnoDB[0m
  [4;36;1mSQL (0.015000)[0m   [0;1mDROP TABLE people[0m
  [4;35;1mSQL (0.016000)[0m   [0mCREATE TABLE people (`id` int(11) DEFAULT NULL auto_increment PRIMARY KEY, `user_id` int(11), `first_name` varchar(200) DEFAULT '', `last_name` varchar(200) DEFAULT '', `gender` int(11) DEFAULT 0 NOT NULL, `date_of_birth` date, `created_on` datetime, `updated_on` datetime) ENGINE=InnoDB[0m
  [4;36;1mSQL (0.031000)[0m   [0;1mDROP TABLE profiles[0m
  [4;35;1mSQL (0.063000)[0m   [0mCREATE TABLE profiles (`id` int(11) DEFAULT NULL auto_increment PRIMARY KEY, `user_id` int(11), `created_on` datetime, `updated_on` datetime, `bio` text, `address_line1` varchar(255) DEFAULT '', `address_line2` varchar(255) DEFAULT '', `city` varchar(255) DEFAULT '', `state` varchar(255) DEFAULT '', `country` varchar(255) DEFAULT '', `postal_code` varchar(255) DEFAULT '', `telephone` varchar(255) DEFAULT '', `fax` varchar(255) DEFAULT '') ENGINE=InnoDB[0m
  [4;36;1mSQL (0.078000)[0m   [0;1mDROP TABLE users[0m
  [4;35;1mSQL (0.015000)[0m   [0mCREATE TABLE users (`id` int(11) DEFAULT NULL auto_increment PRIMARY KEY, `login` varchar(40), `email` varchar(100), `crypted_password` varchar(40), `salt` varchar(40), `activation_code` varchar(40), `activated_at` datetime, `created_at` datetime, `updated_at` datetime) ENGINE=InnoDB[0m
  [4;36;1mSQL (0.000000)[0m   [0;1mMysql::Error: #42S01Table 'schema_info' already exists: CREATE TABLE schema_info (version int(11))[0m
  [4;35;1mSQL (0.032000)[0m   [0mSHOW FIELDS FROM schema_info[0m
  [4;36;1mSQL (0.156000)[0m   [0;1mUPDATE schema_info SET version = 6[0m
  [4;36;1mSQL (0.000000)[0m   [0;1mSELECT * FROM schema_info[0m
  [4;35;1mSQL (0.000000)[0m   [0mSHOW TABLES[0m
  [4;36;1mSQL (0.016000)[0m   [0;1mSHOW FIELDS FROM access_contexts[0m
  [4;35;1mSQL (0.000000)[0m   [0mSHOW KEYS FROM access_contexts[0m
  [4;36;1mSQL (0.000000)[0m   [0;1mSHOW FIELDS FROM access_contexts_assets[0m
  [4;35;1mSQL (0.016000)[0m   [0mSHOW KEYS FROM access_contexts_assets[0m
  [4;36;1mSQL (0.000000)[0m   [0;1mSHOW FIELDS FROM collections[0m
  [4;35;1mSQL (0.000000)[0m   [0mSHOW KEYS FROM collections[0m
  [4;36;1mSQL (0.015000)[0m   [0;1mSHOW FIELDS FROM memberships[0m
  [4;35;1mSQL (0.000000)[0m   [0mSHOW KEYS FROM memberships[0m
  [4;36;1mSQL (0.000000)[0m   [0;1mSHOW FIELDS FROM people[0m
  [4;35;1mSQL (0.016000)[0m   [0mSHOW KEYS FROM people[0m
  [4;36;1mSQL (0.000000)[0m   [0;1mSHOW FIELDS FROM profiles[0m
  [4;35;1mSQL (0.000000)[0m   [0mSHOW KEYS FROM profiles[0m
  [4;36;1mSQL (0.016000)[0m   [0;1mSHOW FIELDS FROM users[0m
  [4;35;1mSQL (0.000000)[0m   [0mSHOW KEYS FROM users[0m
  [4;36;1mSQL (0.000000)[0m   [0;1mDROP TABLE access_contexts[0m
  [4;35;1mSQL (0.015000)[0m   [0mCREATE TABLE access_contexts (`id` int(11) DEFAULT NULL auto_increment PRIMARY KEY, `user_id` int(11), `category_id` int(11), `group_id` int(11), `created_on` datetime, `updated_on` datetime) ENGINE=InnoDB[0m
  [4;36;1mSQL (0.000000)[0m   [0;1mDROP TABLE access_contexts_assets[0m
  [4;35;1mSQL (0.000000)[0m   [0mCREATE TABLE access_contexts_assets (`id` int(11) DEFAULT NULL auto_increment PRIMARY KEY, `access_context_id` int(11), `asset_id` int(11)) ENGINE=InnoDB[0m
  [4;36;1mSQL (0.000000)[0m   [0;1mDROP TABLE collections[0m
  [4;35;1mSQL (0.000000)[0m   [0mCREATE TABLE collections (`id` int(11) DEFAULT NULL auto_increment PRIMARY KEY, `name` varchar(255), `description` text, `public` tinyint(1) DEFAULT 1, `user_id` int(11), `type` varchar(255), `state_id` int(11), `parent_id` int(11), `counter_cache` tinyint(1) DEFAULT 1) ENGINE=InnoDB[0m
  [4;36;1mSQL (0.000000)[0m   [0;1mDROP TABLE memberships[0m
  [4;35;1mSQL (0.016000)[0m   [0mCREATE TABLE memberships (`id` int(11) DEFAULT NULL auto_increment PRIMARY KEY, `user_id` int(11), `collection_id` int(11), `collection_type` varchar(255), `state_id` int(11) DEFAULT 0, `created_at` datetime) ENGINE=InnoDB[0m
  [4;36;1mSQL (0.000000)[0m   [0;1mDROP TABLE people[0m
  [4;35;1mSQL (0.000000)[0m   [0mCREATE TABLE people (`id` int(11) DEFAULT NULL auto_increment PRIMARY KEY, `user_id` int(11), `first_name` varchar(200) DEFAULT '', `last_name` varchar(200) DEFAULT '', `gender` int(11) DEFAULT 0 NOT NULL, `date_of_birth` date, `created_on` datetime, `updated_on` datetime) ENGINE=InnoDB[0m
  [4;36;1mSQL (0.000000)[0m   [0;1mDROP TABLE profiles[0m
  [4;35;1mSQL (0.000000)[0m   [0mCREATE TABLE profiles (`id` int(11) DEFAULT NULL auto_increment PRIMARY KEY, `user_id` int(11), `created_on` datetime, `updated_on` datetime, `bio` text, `address_line1` varchar(255) DEFAULT '', `address_line2` varchar(255) DEFAULT '', `city` varchar(255) DEFAULT '', `state` varchar(255) DEFAULT '', `country` varchar(255) DEFAULT '', `postal_code` varchar(255) DEFAULT '', `telephone` varchar(255) DEFAULT '', `fax` varchar(255) DEFAULT '') ENGINE=InnoDB[0m
  [4;36;1mSQL (0.000000)[0m   [0;1mDROP TABLE users[0m
  [4;35;1mSQL (0.000000)[0m   [0mCREATE TABLE users (`id` int(11) DEFAULT NULL auto_increment PRIMARY KEY, `login` varchar(40), `email` varchar(100), `crypted_password` varchar(40), `salt` varchar(40), `activation_code` varchar(40), `activated_at` datetime, `created_at` datetime, `updated_at` datetime) ENGINE=InnoDB[0m
  [4;36;1mSQL (0.000000)[0m   [0;1mMysql::Error: #42S01Table 'schema_info' already exists: CREATE TABLE schema_info (version int(11))[0m
  [4;35;1mSQL (0.016000)[0m   [0mSHOW FIELDS FROM schema_info[0m
  [4;36;1mSQL (0.000000)[0m   [0;1mUPDATE schema_info SET version = 6[0m
  [4;36;1mSQL (0.000000)[0m   [0;1mSELECT * FROM schema_info[0m
  [4;35;1mSQL (0.016000)[0m   [0mSHOW TABLES[0m
  [4;36;1mSQL (0.000000)[0m   [0;1mSHOW FIELDS FROM access_contexts[0m
  [4;35;1mSQL (0.016000)[0m   [0mSHOW KEYS FROM access_contexts[0m
  [4;36;1mSQL (0.000000)[0m   [0;1mSHOW FIELDS FROM access_contexts_assets[0m
  [4;35;1mSQL (0.000000)[0m   [0mSHOW KEYS FROM access_contexts_assets[0m
  [4;36;1mSQL (0.015000)[0m   [0;1mSHOW FIELDS FROM collections[0m
  [4;35;1mSQL (0.000000)[0m   [0mSHOW KEYS FROM collections[0m
  [4;36;1mSQL (0.016000)[0m   [0;1mSHOW FIELDS FROM memberships[0m
  [4;35;1mSQL (0.000000)[0m   [0mSHOW KEYS FROM memberships[0m
  [4;36;1mSQL (0.000000)[0m   [0;1mSHOW FIELDS FROM people[0m
  [4;35;1mSQL (0.016000)[0m   [0mSHOW KEYS FROM people[0m
  [4;36;1mSQL (0.000000)[0m   [0;1mSHOW FIELDS FROM profiles[0m
  [4;35;1mSQL (0.015000)[0m   [0mSHOW KEYS FROM profiles[0m
  [4;36;1mSQL (0.000000)[0m   [0;1mSHOW FIELDS FROM users[0m
  [4;35;1mSQL (0.000000)[0m   [0mSHOW KEYS FROM users[0m
  [4;36;1mSQL (0.000000)[0m   [0;1mDROP TABLE access_contexts[0m
  [4;35;1mSQL (0.016000)[0m   [0mCREATE TABLE access_contexts (`id` int(11) DEFAULT NULL auto_increment PRIMARY KEY, `user_id` int(11), `category_id` int(11), `group_id` int(11), `created_on` datetime, `updated_on` datetime) ENGINE=InnoDB[0m
  [4;36;1mSQL (0.000000)[0m   [0;1mDROP TABLE access_contexts_assets[0m
  [4;35;1mSQL (0.000000)[0m   [0mCREATE TABLE access_contexts_assets (`id` int(11) DEFAULT NULL auto_increment PRIMARY KEY, `access_context_id` int(11), `asset_id` int(11)) ENGINE=InnoDB[0m
  [4;36;1mSQL (0.016000)[0m   [0;1mDROP TABLE collections[0m
  [4;35;1mSQL (0.000000)[0m   [0mCREATE TABLE collections (`id` int(11) DEFAULT NULL auto_increment PRIMARY KEY, `name` varchar(255), `description` text, `public` tinyint(1) DEFAULT 1, `user_id` int(11), `type` varchar(255), `state_id` int(11), `parent_id` int(11), `counter_cache` tinyint(1) DEFAULT 1) ENGINE=InnoDB[0m
  [4;36;1mSQL (0.000000)[0m   [0;1mDROP TABLE memberships[0m
  [4;35;1mSQL (0.000000)[0m   [0mCREATE TABLE memberships (`id` int(11) DEFAULT NULL auto_increment PRIMARY KEY, `user_id` int(11), `collection_id` int(11), `collection_type` varchar(255), `state_id` int(11) DEFAULT 0, `created_at` datetime) ENGINE=InnoDB[0m
  [4;36;1mSQL (0.000000)[0m   [0;1mDROP TABLE people[0m
  [4;35;1mSQL (0.016000)[0m   [0mCREATE TABLE people (`id` int(11) DEFAULT NULL auto_increment PRIMARY KEY, `user_id` int(11), `first_name` varchar(200) DEFAULT '', `last_name` varchar(200) DEFAULT '', `gender` int(11) DEFAULT 0 NOT NULL, `date_of_birth` date, `created_on` datetime, `updated_on` datetime) ENGINE=InnoDB[0m
  [4;36;1mSQL (0.000000)[0m   [0;1mDROP TABLE profiles[0m
  [4;35;1mSQL (0.016000)[0m   [0mCREATE TABLE profiles (`id` int(11) DEFAULT NULL auto_increment PRIMARY KEY, `user_id` int(11), `created_on` datetime, `updated_on` datetime, `bio` text, `address_line1` varchar(255) DEFAULT '', `address_line2` varchar(255) DEFAULT '', `city` varchar(255) DEFAULT '', `state` varchar(255) DEFAULT '', `country` varchar(255) DEFAULT '', `postal_code` varchar(255) DEFAULT '', `telephone` varchar(255) DEFAULT '', `fax` varchar(255) DEFAULT '') ENGINE=InnoDB[0m
  [4;36;1mSQL (0.000000)[0m   [0;1mDROP TABLE users[0m
  [4;35;1mSQL (0.000000)[0m   [0mCREATE TABLE users (`id` int(11) DEFAULT NULL auto_increment PRIMARY KEY, `login` varchar(40), `email` varchar(100), `crypted_password` varchar(40), `salt` varchar(40), `activation_code` varchar(40), `activated_at` datetime, `created_at` datetime, `updated_at` datetime) ENGINE=InnoDB[0m
  [4;36;1mSQL (0.000000)[0m   [0;1mMysql::Error: #42S01Table 'schema_info' already exists: CREATE TABLE schema_info (version int(11))[0m
  [4;35;1mSQL (0.000000)[0m   [0mSHOW FIELDS FROM schema_info[0m
  [4;36;1mSQL (0.000000)[0m   [0;1mUPDATE schema_info SET version = 6[0m
  [4;36;1mSQL (0.000000)[0m   [0;1mSELECT * FROM schema_info[0m
  [4;35;1mSQL (0.000000)[0m   [0mSHOW TABLES[0m
  [4;36;1mSQL (0.000000)[0m   [0;1mSHOW FIELDS FROM access_contexts[0m
  [4;35;1mSQL (0.000000)[0m   [0mSHOW KEYS FROM access_contexts[0m
  [4;36;1mSQL (0.016000)[0m   [0;1mSHOW FIELDS FROM access_contexts_assets[0m
  [4;35;1mSQL (0.000000)[0m   [0mSHOW KEYS FROM access_contexts_assets[0m
  [4;36;1mSQL (0.000000)[0m   [0;1mSHOW FIELDS FROM collections[0m
  [4;35;1mSQL (0.000000)[0m   [0mSHOW KEYS FROM collections[0m
  [4;36;1mSQL (0.000000)[0m   [0;1mSHOW FIELDS FROM memberships[0m
  [4;35;1mSQL (0.015000)[0m   [0mSHOW KEYS FROM memberships[0m
  [4;36;1mSQL (0.000000)[0m   [0;1mSHOW FIELDS FROM people[0m
  [4;35;1mSQL (0.000000)[0m   [0mSHOW KEYS FROM people[0m
  [4;36;1mSQL (0.016000)[0m   [0;1mSHOW FIELDS FROM profiles[0m
  [4;35;1mSQL (0.000000)[0m   [0mSHOW KEYS FROM profiles[0m
  [4;36;1mSQL (0.000000)[0m   [0;1mSHOW FIELDS FROM users[0m
  [4;35;1mSQL (0.015000)[0m   [0mSHOW KEYS FROM users[0m
  [4;36;1mSQL (0.016000)[0m   [0;1mDROP TABLE access_contexts[0m
  [4;35;1mSQL (0.000000)[0m   [0mCREATE TABLE access_contexts (`id` int(11) DEFAULT NULL auto_increment PRIMARY KEY, `user_id` int(11), `category_id` int(11), `group_id` int(11), `created_on` datetime, `updated_on` datetime) ENGINE=InnoDB[0m
  [4;36;1mSQL (0.000000)[0m   [0;1mDROP TABLE access_contexts_assets[0m
  [4;35;1mSQL (0.015000)[0m   [0mCREATE TABLE access_contexts_assets (`id` int(11) DEFAULT NULL auto_increment PRIMARY KEY, `access_context_id` int(11), `asset_id` int(11)) ENGINE=InnoDB[0m
  [4;36;1mSQL (0.000000)[0m   [0;1mDROP TABLE collections[0m
  [4;35;1mSQL (0.016000)[0m   [0mCREATE TABLE collections (`id` int(11) DEFAULT NULL auto_increment PRIMARY KEY, `name` varchar(255), `description` text, `public` tinyint(1) DEFAULT 1, `user_id` int(11), `type` varchar(255), `state_id` int(11), `parent_id` int(11), `counter_cache` tinyint(1) DEFAULT 1) ENGINE=InnoDB[0m
  [4;36;1mSQL (0.000000)[0m   [0;1mDROP TABLE memberships[0m
  [4;35;1mSQL (0.016000)[0m   [0mCREATE TABLE memberships (`id` int(11) DEFAULT NULL auto_increment PRIMARY KEY, `user_id` int(11), `collection_id` int(11), `collection_type` varchar(255), `state_id` int(11) DEFAULT 0, `created_at` datetime) ENGINE=InnoDB[0m
  [4;36;1mSQL (0.000000)[0m   [0;1mDROP TABLE people[0m
  [4;35;1mSQL (0.000000)[0m   [0mCREATE TABLE people (`id` int(11) DEFAULT NULL auto_increment PRIMARY KEY, `user_id` int(11), `first_name` varchar(200) DEFAULT '', `last_name` varchar(200) DEFAULT '', `gender` int(11) DEFAULT 0 NOT NULL, `date_of_birth` date, `created_on` datetime, `updated_on` datetime) ENGINE=InnoDB[0m
  [4;36;1mSQL (0.000000)[0m   [0;1mDROP TABLE profiles[0m
  [4;35;1mSQL (0.000000)[0m   [0mCREATE TABLE profiles (`id` int(11) DEFAULT NULL auto_increment PRIMARY KEY, `user_id` int(11), `created_on` datetime, `updated_on` datetime, `bio` text, `address_line1` varchar(255) DEFAULT '', `address_line2` varchar(255) DEFAULT '', `city` varchar(255) DEFAULT '', `state` varchar(255) DEFAULT '', `country` varchar(255) DEFAULT '', `postal_code` varchar(255) DEFAULT '', `telephone` varchar(255) DEFAULT '', `fax` varchar(255) DEFAULT '') ENGINE=InnoDB[0m
  [4;36;1mSQL (0.016000)[0m   [0;1mDROP TABLE users[0m
  [4;35;1mSQL (0.000000)[0m   [0mCREATE TABLE users (`id` int(11) DEFAULT NULL auto_increment PRIMARY KEY, `login` varchar(40), `email` varchar(100), `crypted_password` varchar(40), `salt` varchar(40), `activation_code` varchar(40), `activated_at` datetime, `created_at` datetime, `updated_at` datetime) ENGINE=InnoDB[0m
  [4;36;1mSQL (0.000000)[0m   [0;1mMysql::Error: #42S01Table 'schema_info' already exists: CREATE TABLE schema_info (version int(11))[0m
  [4;35;1mSQL (0.000000)[0m   [0mSHOW FIELDS FROM schema_info[0m
  [4;36;1mSQL (0.000000)[0m   [0;1mUPDATE schema_info SET version = 6[0m
